<?xml version="1.0" encoding="UTF-8"?>
<!-- Generated by org.testng.reporters.JUnitXMLReporter -->
<testsuite hostname="DESKTOP-HR5TD9H" ignored="0" name="FB Title" tests="3" failures="0" timestamp="2020-09-06T14:29:35 IST" time="32.507" errors="0">
  <testcase name="titleTest1" time="0.042" classname="co.verbosetesng.FBTest"/>
  <testcase name="titleTest2" time="0.028" classname="co.verbosetesng.FBTest"/>
  <testcase name="titleTest3" time="0.034" classname="co.verbosetesng.FBTest"/>
</testsuite> <!-- FB Title -->
